[5.103s] DEBUG:colcon:Command line arguments: ['/usr/bin/colcon', 'list', '-p', '--base-paths', '/home/winsonl8/ros2_ws/src/rrcbattlebots2023']
[5.103s] DEBUG:colcon:Parsed command line arguments: Namespace(log_base=None, log_level=None, verb_name='list', build_base='build', ignore_user_meta=False, metas=['./colcon.meta'], base_paths=['/home/winsonl8/ros2_ws/src/rrcbattlebots2023'], packages_ignore=None, packages_ignore_regex=None, paths=None, packages_up_to=None, packages_up_to_regex=None, packages_above=None, packages_above_and_dependencies=None, packages_above_depth=None, packages_select_by_dep=None, packages_skip_by_dep=None, packages_skip_up_to=None, packages_select_build_failed=False, packages_skip_build_finished=False, packages_select_test_failures=False, packages_skip_test_passed=False, packages_select=None, packages_skip=None, packages_select_regex=None, packages_skip_regex=None, packages_start=None, packages_end=None, allow_overriding=[], topological_order=False, names_only=False, paths_only=True, topological_graph=False, topological_graph_dot=False, topological_graph_density=False, topological_graph_legend=False, topological_graph_dot_cluster=False, topological_graph_dot_include_skipped=False, verb_parser=<colcon_defaults.argument_parser.defaults.DefaultArgumentsDecorator object at 0x7fb17c8dc940>, verb_extension=<colcon_package_information.verb.list.ListVerb object at 0x7fb17c8cc940>, main=<bound method ListVerb.main of <colcon_package_information.verb.list.ListVerb object at 0x7fb17c8cc940>>)
[5.173s] Level 1:colcon.colcon_core.package_discovery:discover_packages(colcon_meta) check parameters
[5.173s] Level 1:colcon.colcon_core.package_discovery:discover_packages(recursive) check parameters
[5.173s] Level 1:colcon.colcon_core.package_discovery:discover_packages(ignore) check parameters
[5.173s] Level 1:colcon.colcon_core.package_discovery:discover_packages(path) check parameters
[5.173s] Level 1:colcon.colcon_core.package_discovery:discover_packages(recursive) discover
[5.173s] INFO:colcon.colcon_core.package_discovery:Crawling recursively for packages in '/home/winsonl8/ros2_ws/src/rrcbattlebots2023'
[5.173s] Level 1:colcon.colcon_core.package_identification:_identify(/home/winsonl8/ros2_ws/src/rrcbattlebots2023) by extensions ['ignore', 'ignore_ament_install']
[5.173s] Level 1:colcon.colcon_core.package_identification:_identify(/home/winsonl8/ros2_ws/src/rrcbattlebots2023) by extension 'ignore'
[5.174s] Level 1:colcon.colcon_core.package_identification:_identify(/home/winsonl8/ros2_ws/src/rrcbattlebots2023) by extension 'ignore_ament_install'
[5.174s] Level 1:colcon.colcon_core.package_identification:_identify(/home/winsonl8/ros2_ws/src/rrcbattlebots2023) by extensions ['colcon_pkg']
[5.174s] Level 1:colcon.colcon_core.package_identification:_identify(/home/winsonl8/ros2_ws/src/rrcbattlebots2023) by extension 'colcon_pkg'
[5.174s] Level 1:colcon.colcon_core.package_identification:_identify(/home/winsonl8/ros2_ws/src/rrcbattlebots2023) by extensions ['colcon_meta']
[5.174s] Level 1:colcon.colcon_core.package_identification:_identify(/home/winsonl8/ros2_ws/src/rrcbattlebots2023) by extension 'colcon_meta'
[5.174s] Level 1:colcon.colcon_core.package_identification:_identify(/home/winsonl8/ros2_ws/src/rrcbattlebots2023) by extensions ['ros']
[5.174s] Level 1:colcon.colcon_core.package_identification:_identify(/home/winsonl8/ros2_ws/src/rrcbattlebots2023) by extension 'ros'
[5.202s] Level 1:colcon.colcon_core.package_identification:_identify(/home/winsonl8/ros2_ws/src/rrcbattlebots2023) by extensions ['cmake', 'python']
[5.202s] Level 1:colcon.colcon_core.package_identification:_identify(/home/winsonl8/ros2_ws/src/rrcbattlebots2023) by extension 'cmake'
[5.202s] Level 1:colcon.colcon_core.package_identification:_identify(/home/winsonl8/ros2_ws/src/rrcbattlebots2023) by extension 'python'
[5.202s] Level 1:colcon.colcon_core.package_identification:_identify(/home/winsonl8/ros2_ws/src/rrcbattlebots2023) by extensions ['python_setup_py']
[5.203s] Level 1:colcon.colcon_core.package_identification:_identify(/home/winsonl8/ros2_ws/src/rrcbattlebots2023) by extension 'python_setup_py'
[5.203s] Level 1:colcon.colcon_core.package_identification:_identify(/home/winsonl8/ros2_ws/src/rrcbattlebots2023/build) by extensions ['ignore', 'ignore_ament_install']
[5.203s] Level 1:colcon.colcon_core.package_identification:_identify(/home/winsonl8/ros2_ws/src/rrcbattlebots2023/build) by extension 'ignore'
[5.203s] Level 1:colcon.colcon_core.package_identification:_identify(/home/winsonl8/ros2_ws/src/rrcbattlebots2023/build) ignored
[5.204s] Level 1:colcon.colcon_core.package_identification:_identify(/home/winsonl8/ros2_ws/src/rrcbattlebots2023/install) by extensions ['ignore', 'ignore_ament_install']
[5.204s] Level 1:colcon.colcon_core.package_identification:_identify(/home/winsonl8/ros2_ws/src/rrcbattlebots2023/install) by extension 'ignore'
[5.204s] Level 1:colcon.colcon_core.package_identification:_identify(/home/winsonl8/ros2_ws/src/rrcbattlebots2023/install) ignored
[5.204s] Level 1:colcon.colcon_core.package_identification:_identify(/home/winsonl8/ros2_ws/src/rrcbattlebots2023/log) by extensions ['ignore', 'ignore_ament_install']
[5.204s] Level 1:colcon.colcon_core.package_identification:_identify(/home/winsonl8/ros2_ws/src/rrcbattlebots2023/log) by extension 'ignore'
[5.204s] Level 1:colcon.colcon_core.package_identification:_identify(/home/winsonl8/ros2_ws/src/rrcbattlebots2023/log) ignored
[5.205s] Level 1:colcon.colcon_core.package_identification:_identify(/home/winsonl8/ros2_ws/src/rrcbattlebots2023/src) by extensions ['ignore', 'ignore_ament_install']
[5.205s] Level 1:colcon.colcon_core.package_identification:_identify(/home/winsonl8/ros2_ws/src/rrcbattlebots2023/src) by extension 'ignore'
[5.205s] Level 1:colcon.colcon_core.package_identification:_identify(/home/winsonl8/ros2_ws/src/rrcbattlebots2023/src) by extension 'ignore_ament_install'
[5.205s] Level 1:colcon.colcon_core.package_identification:_identify(/home/winsonl8/ros2_ws/src/rrcbattlebots2023/src) by extensions ['colcon_pkg']
[5.205s] Level 1:colcon.colcon_core.package_identification:_identify(/home/winsonl8/ros2_ws/src/rrcbattlebots2023/src) by extension 'colcon_pkg'
[5.205s] Level 1:colcon.colcon_core.package_identification:_identify(/home/winsonl8/ros2_ws/src/rrcbattlebots2023/src) by extensions ['colcon_meta']
[5.205s] Level 1:colcon.colcon_core.package_identification:_identify(/home/winsonl8/ros2_ws/src/rrcbattlebots2023/src) by extension 'colcon_meta'
[5.205s] Level 1:colcon.colcon_core.package_identification:_identify(/home/winsonl8/ros2_ws/src/rrcbattlebots2023/src) by extensions ['ros']
[5.205s] Level 1:colcon.colcon_core.package_identification:_identify(/home/winsonl8/ros2_ws/src/rrcbattlebots2023/src) by extension 'ros'
[5.205s] Level 1:colcon.colcon_core.package_identification:_identify(/home/winsonl8/ros2_ws/src/rrcbattlebots2023/src) by extensions ['cmake', 'python']
[5.206s] Level 1:colcon.colcon_core.package_identification:_identify(/home/winsonl8/ros2_ws/src/rrcbattlebots2023/src) by extension 'cmake'
[5.206s] Level 1:colcon.colcon_core.package_identification:_identify(/home/winsonl8/ros2_ws/src/rrcbattlebots2023/src) by extension 'python'
[5.206s] Level 1:colcon.colcon_core.package_identification:_identify(/home/winsonl8/ros2_ws/src/rrcbattlebots2023/src) by extensions ['python_setup_py']
[5.206s] Level 1:colcon.colcon_core.package_identification:_identify(/home/winsonl8/ros2_ws/src/rrcbattlebots2023/src) by extension 'python_setup_py'
[5.206s] Level 1:colcon.colcon_core.package_identification:_identify(/home/winsonl8/ros2_ws/src/rrcbattlebots2023/src/motors) by extensions ['ignore', 'ignore_ament_install']
[5.206s] Level 1:colcon.colcon_core.package_identification:_identify(/home/winsonl8/ros2_ws/src/rrcbattlebots2023/src/motors) by extension 'ignore'
[5.206s] Level 1:colcon.colcon_core.package_identification:_identify(/home/winsonl8/ros2_ws/src/rrcbattlebots2023/src/motors) by extension 'ignore_ament_install'
[5.206s] Level 1:colcon.colcon_core.package_identification:_identify(/home/winsonl8/ros2_ws/src/rrcbattlebots2023/src/motors) by extensions ['colcon_pkg']
[5.206s] Level 1:colcon.colcon_core.package_identification:_identify(/home/winsonl8/ros2_ws/src/rrcbattlebots2023/src/motors) by extension 'colcon_pkg'
[5.206s] Level 1:colcon.colcon_core.package_identification:_identify(/home/winsonl8/ros2_ws/src/rrcbattlebots2023/src/motors) by extensions ['colcon_meta']
[5.206s] Level 1:colcon.colcon_core.package_identification:_identify(/home/winsonl8/ros2_ws/src/rrcbattlebots2023/src/motors) by extension 'colcon_meta'
[5.207s] Level 1:colcon.colcon_core.package_identification:_identify(/home/winsonl8/ros2_ws/src/rrcbattlebots2023/src/motors) by extensions ['ros']
[5.207s] Level 1:colcon.colcon_core.package_identification:_identify(/home/winsonl8/ros2_ws/src/rrcbattlebots2023/src/motors) by extension 'ros'
[5.213s] DEBUG:colcon.colcon_core.package_identification:Package '/home/winsonl8/ros2_ws/src/rrcbattlebots2023/src/motors' with type 'ros.ament_cmake' and name 'motors'
[5.213s] Level 1:colcon.colcon_core.package_discovery:discover_packages(recursive) using defaults
